<?xml version="1.0" encoding="UTF-8"?>
<robot generator="Robot 3.2.1 (Python 3.8.5 on win32)" generated="20200818 12:38:00.743" rpa="false">
<suite id="s1" name="LoginTest" source="C:\GitHub\RobotStudy\TestCases\LoginTest.robot">
<test id="s1-t1" name="Login Test">
<kw name="start session" library="Utils" type="setup">
<kw name="Open Browser" library="SeleniumLibrary">
<doc>Opens a new browser instance to the optional ``url``.</doc>
<arguments>
<arg>${url}</arg>
<arg>${browser}</arg>
</arguments>
<msg timestamp="20200818 12:38:00.989" level="INFO">Opening browser 'chrome' to base url 'https://www.trendyol.com/'.</msg>
<status status="PASS" starttime="20200818 12:38:00.988" endtime="20200818 12:38:06.044"></status>
</kw>
<kw name="Maximize Browser Window" library="SeleniumLibrary">
<doc>Maximizes current browser window.</doc>
<status status="PASS" starttime="20200818 12:38:06.044" endtime="20200818 12:38:08.244"></status>
</kw>
<kw name="Wait Until Keyword Succeeds" library="BuiltIn">
<doc>Runs the specified keyword and retries if it fails.</doc>
<arguments>
<arg>30</arg>
<arg>1</arg>
<arg>Click Element</arg>
<arg>${login_first_popup_close_button}</arg>
</arguments>
<kw name="Click Element" library="SeleniumLibrary">
<doc>Click the element identified by ``locator``.</doc>
<arguments>
<arg>${login_first_popup_close_button}</arg>
</arguments>
<msg timestamp="20200818 12:38:08.245" level="INFO">Clicking element 'xpath=//a[@class='fancybox-item fancybox-close']'.</msg>
<status status="PASS" starttime="20200818 12:38:08.244" endtime="20200818 12:38:08.367"></status>
</kw>
<status status="PASS" starttime="20200818 12:38:08.244" endtime="20200818 12:38:08.367"></status>
</kw>
<status status="PASS" starttime="20200818 12:38:00.988" endtime="20200818 12:38:08.368"></status>
</kw>
<kw name="Click Login Button" library="LoginKeywords">
<kw name="Wait Until Keyword Succeeds" library="BuiltIn">
<doc>Runs the specified keyword and retries if it fails.</doc>
<arguments>
<arg>30</arg>
<arg>1</arg>
<arg>Click Element</arg>
<arg>${login_button}</arg>
</arguments>
<kw name="Click Element" library="SeleniumLibrary">
<doc>Click the element identified by ``locator``.</doc>
<arguments>
<arg>${login_button}</arg>
</arguments>
<msg timestamp="20200818 12:38:08.370" level="INFO">Clicking element 'id=accountBtn'.</msg>
<status status="PASS" starttime="20200818 12:38:08.369" endtime="20200818 12:38:08.912"></status>
</kw>
<status status="PASS" starttime="20200818 12:38:08.369" endtime="20200818 12:38:08.912"></status>
</kw>
<status status="PASS" starttime="20200818 12:38:08.369" endtime="20200818 12:38:08.912"></status>
</kw>
<kw name="Enter Email" library="LoginKeywords">
<arguments>
<arg>${email}</arg>
</arguments>
<kw name="Wait Until Keyword Succeeds" library="BuiltIn">
<doc>Runs the specified keyword and retries if it fails.</doc>
<arguments>
<arg>30</arg>
<arg>1</arg>
<arg>Input Text</arg>
<arg>${login_email}</arg>
<arg>${email}</arg>
</arguments>
<kw name="Input Text" library="SeleniumLibrary">
<doc>Types the given ``text`` into the text field identified by ``locator``.</doc>
<arguments>
<arg>${login_email}</arg>
<arg>${email}</arg>
</arguments>
<msg timestamp="20200818 12:38:08.914" level="INFO">Typing text 'bowitep974@accordmail.net' into text field 'id=email'.</msg>
<kw name="Capture Page Screenshot" library="SeleniumLibrary">
<doc>Takes a screenshot of the current page and embeds it into a log file.</doc>
<msg timestamp="20200818 12:38:09.587" level="INFO" html="yes">&lt;/td&gt;&lt;/tr&gt;&lt;tr&gt;&lt;td colspan="3"&gt;&lt;a href="selenium-screenshot-2.png"&gt;&lt;img src="selenium-screenshot-2.png" width="800px"&gt;&lt;/a&gt;</msg>
<status status="PASS" starttime="20200818 12:38:08.928" endtime="20200818 12:38:09.587"></status>
</kw>
<msg timestamp="20200818 12:38:09.599" level="FAIL">Element with locator 'id=email' not found.</msg>
<status status="FAIL" starttime="20200818 12:38:08.914" endtime="20200818 12:38:09.599"></status>
</kw>
<kw name="Input Text" library="SeleniumLibrary">
<doc>Types the given ``text`` into the text field identified by ``locator``.</doc>
<arguments>
<arg>${login_email}</arg>
<arg>${email}</arg>
</arguments>
<msg timestamp="20200818 12:38:10.601" level="INFO">Typing text 'bowitep974@accordmail.net' into text field 'id=email'.</msg>
<status status="PASS" starttime="20200818 12:38:10.601" endtime="20200818 12:38:10.725"></status>
</kw>
<status status="PASS" starttime="20200818 12:38:08.913" endtime="20200818 12:38:10.725"></status>
</kw>
<status status="PASS" starttime="20200818 12:38:08.913" endtime="20200818 12:38:10.725"></status>
</kw>
<kw name="Enter Password" library="LoginKeywords">
<arguments>
<arg>${password}</arg>
</arguments>
<kw name="Wait Until Keyword Succeeds" library="BuiltIn">
<doc>Runs the specified keyword and retries if it fails.</doc>
<arguments>
<arg>30</arg>
<arg>1</arg>
<arg>Input Text</arg>
<arg>${login_password}</arg>
<arg>${password}</arg>
</arguments>
<kw name="Input Text" library="SeleniumLibrary">
<doc>Types the given ``text`` into the text field identified by ``locator``.</doc>
<arguments>
<arg>${login_password}</arg>
<arg>${password}</arg>
</arguments>
<msg timestamp="20200818 12:38:10.727" level="INFO">Typing text '123456a' into text field 'id=password'.</msg>
<status status="PASS" starttime="20200818 12:38:10.727" endtime="20200818 12:38:10.816"></status>
</kw>
<status status="PASS" starttime="20200818 12:38:10.726" endtime="20200818 12:38:10.816"></status>
</kw>
<status status="PASS" starttime="20200818 12:38:10.726" endtime="20200818 12:38:10.816"></status>
</kw>
<kw name="Click Enter Button" library="LoginKeywords">
<kw name="Wait Until Keyword Succeeds" library="BuiltIn">
<doc>Runs the specified keyword and retries if it fails.</doc>
<arguments>
<arg>30</arg>
<arg>1</arg>
<arg>Click Element</arg>
<arg>${login_enter}</arg>
</arguments>
<kw name="Click Element" library="SeleniumLibrary">
<doc>Click the element identified by ``locator``.</doc>
<arguments>
<arg>${login_enter}</arg>
</arguments>
<msg timestamp="20200818 12:38:10.818" level="INFO">Clicking element 'id=loginSubmit'.</msg>
<status status="PASS" starttime="20200818 12:38:10.817" endtime="20200818 12:38:11.045"></status>
</kw>
<status status="PASS" starttime="20200818 12:38:10.817" endtime="20200818 12:38:11.045"></status>
</kw>
<status status="PASS" starttime="20200818 12:38:10.817" endtime="20200818 12:38:11.045"></status>
</kw>
<kw name="close session" library="Utils" type="teardown">
<kw name="Close Browser" library="SeleniumLibrary">
<doc>Closes the current browser.</doc>
<status status="PASS" starttime="20200818 12:38:11.046" endtime="20200818 12:38:13.195"></status>
</kw>
<status status="PASS" starttime="20200818 12:38:11.046" endtime="20200818 12:38:13.196"></status>
</kw>
<status status="PASS" starttime="20200818 12:38:00.987" endtime="20200818 12:38:13.197" critical="yes"></status>
</test>
<status status="PASS" starttime="20200818 12:38:00.745" endtime="20200818 12:38:13.204"></status>
</suite>
<statistics>
<total>
<stat pass="1" fail="0">Critical Tests</stat>
<stat pass="1" fail="0">All Tests</stat>
</total>
<tag>
</tag>
<suite>
<stat pass="1" fail="0" id="s1" name="LoginTest">LoginTest</stat>
</suite>
</statistics>
<errors>
</errors>
</robot>
